#! /usr/bin/vvp
:ivl_version "11.0 (stable)";
:ivl_delay_selection "TYPICAL";
:vpi_time_precision + 0;
:vpi_module "/usr/lib/x86_64-linux-gnu/ivl/system.vpi";
:vpi_module "/usr/lib/x86_64-linux-gnu/ivl/vhdl_sys.vpi";
:vpi_module "/usr/lib/x86_64-linux-gnu/ivl/vhdl_textio.vpi";
:vpi_module "/usr/lib/x86_64-linux-gnu/ivl/v2005_math.vpi";
:vpi_module "/usr/lib/x86_64-linux-gnu/ivl/va_math.vpi";
S_0x618e85906e40 .scope module, "div3_new" "div3_new" 2 41;
 .timescale 0 0;
    .port_info 0 /INPUT 1 "clk";
    .port_info 1 /INPUT 1 "rst_n";
    .port_info 2 /OUTPUT 1 "clk_out3";
L_0x618e858f2620 .functor NOT 1, v0x618e858f0a10_0, C4<0>, C4<0>, C4<0>;
L_0x618e858f0770 .functor XOR 1, v0x618e858f0910_0, L_0x618e858f2620, C4<0>, C4<0>;
v0x618e858f27c0_0 .net *"_ivl_0", 0 0, L_0x618e858f2620;  1 drivers
o0x79ceff692048 .functor BUFZ 1, C4<z>; HiZ drive
v0x618e858f28c0_0 .net "clk", 0 0, o0x79ceff692048;  0 drivers
v0x618e858f0910_0 .var "clk_1", 0 0;
v0x618e858f0a10_0 .var "clk_2", 0 0;
v0x618e8591dcb0_0 .net "clk_out3", 0 0, L_0x618e858f0770;  1 drivers
v0x618e8591ddc0_0 .var "cnt", 1 0;
o0x79ceff692138 .functor BUFZ 1, C4<z>; HiZ drive
v0x618e8591dea0_0 .net "rst_n", 0 0, o0x79ceff692138;  0 drivers
E_0x618e85907c70 .event negedge, v0x618e8591dea0_0, v0x618e858f28c0_0;
E_0x618e85907720/0 .event negedge, v0x618e8591dea0_0;
E_0x618e85907720/1 .event posedge, v0x618e858f28c0_0;
E_0x618e85907720 .event/or E_0x618e85907720/0, E_0x618e85907720/1;
S_0x618e85907020 .scope module, "div3_old" "div3_old" 2 4;
 .timescale 0 0;
    .port_info 0 /INPUT 1 "clk";
    .port_info 1 /INPUT 1 "rst_n";
    .port_info 2 /OUTPUT 1 "clk_out3";
L_0x618e8591e5e0 .functor OR 1, v0x618e8591e100_0, v0x618e8591e1c0_0, C4<0>, C4<0>;
o0x79ceff6921f8 .functor BUFZ 1, C4<z>; HiZ drive
v0x618e8591e020_0 .net "clk", 0 0, o0x79ceff6921f8;  0 drivers
v0x618e8591e100_0 .var "clk_1", 0 0;
v0x618e8591e1c0_0 .var "clk_2", 0 0;
v0x618e8591e260_0 .net "clk_out3", 0 0, L_0x618e8591e5e0;  1 drivers
v0x618e8591e320_0 .var "cnt", 1 0;
o0x79ceff6922e8 .functor BUFZ 1, C4<z>; HiZ drive
v0x618e8591e450_0 .net "rst_n", 0 0, o0x79ceff6922e8;  0 drivers
E_0x618e858ed9b0 .event negedge, v0x618e8591e450_0, v0x618e8591e020_0;
E_0x618e858f3740/0 .event negedge, v0x618e8591e450_0;
E_0x618e858f3740/1 .event posedge, v0x618e8591e020_0;
E_0x618e858f3740 .event/or E_0x618e858f3740/0, E_0x618e858f3740/1;
    .scope S_0x618e85906e40;
T_0 ;
    %wait E_0x618e85907720;
    %load/vec4 v0x618e8591dea0_0;
    %flag_set/vec4 8;
    %jmp/0xz  T_0.0, 8;
    %pushi/vec4 0, 0, 2;
    %assign/vec4 v0x618e8591ddc0_0, 0;
    %jmp T_0.1;
T_0.0 ;
    %load/vec4 v0x618e8591ddc0_0;
    %cmpi/e 2, 0, 2;
    %flag_mov 8, 4;
    %jmp/0 T_0.2, 8;
    %pushi/vec4 0, 0, 2;
    %jmp/1 T_0.3, 8;
T_0.2 ; End of true expr.
    %load/vec4 v0x618e8591ddc0_0;
    %addi 1, 0, 2;
    %jmp/0 T_0.3, 8;
 ; End of false expr.
    %blend;
T_0.3;
    %assign/vec4 v0x618e8591ddc0_0, 0;
T_0.1 ;
    %jmp T_0;
    .thread T_0;
    .scope S_0x618e85906e40;
T_1 ;
    %wait E_0x618e85907720;
    %load/vec4 v0x618e8591dea0_0;
    %flag_set/vec4 8;
    %jmp/0xz  T_1.0, 8;
    %pushi/vec4 0, 0, 1;
    %assign/vec4 v0x618e858f0910_0, 0;
    %jmp T_1.1;
T_1.0 ;
    %load/vec4 v0x618e8591ddc0_0;
    %cmpi/e 2, 0, 2;
    %jmp/0xz  T_1.2, 4;
    %load/vec4 v0x618e858f0910_0;
    %inv;
    %assign/vec4 v0x618e858f0910_0, 0;
T_1.2 ;
T_1.1 ;
    %jmp T_1;
    .thread T_1;
    .scope S_0x618e85906e40;
T_2 ;
    %wait E_0x618e85907c70;
    %load/vec4 v0x618e8591dea0_0;
    %flag_set/vec4 8;
    %jmp/0xz  T_2.0, 8;
    %pushi/vec4 0, 0, 1;
    %assign/vec4 v0x618e858f0a10_0, 0;
    %jmp T_2.1;
T_2.0 ;
    %load/vec4 v0x618e8591ddc0_0;
    %cmpi/e 1, 0, 2;
    %jmp/0xz  T_2.2, 4;
    %load/vec4 v0x618e858f0a10_0;
    %inv;
    %assign/vec4 v0x618e858f0a10_0, 0;
T_2.2 ;
T_2.1 ;
    %jmp T_2;
    .thread T_2;
    .scope S_0x618e85907020;
T_3 ;
    %wait E_0x618e858f3740;
    %load/vec4 v0x618e8591e450_0;
    %flag_set/vec4 8;
    %jmp/0xz  T_3.0, 8;
    %pushi/vec4 0, 0, 2;
    %assign/vec4 v0x618e8591e320_0, 0;
    %jmp T_3.1;
T_3.0 ;
    %load/vec4 v0x618e8591e320_0;
    %cmpi/e 2, 0, 2;
    %flag_mov 8, 4;
    %jmp/0 T_3.2, 8;
    %pushi/vec4 0, 0, 2;
    %jmp/1 T_3.3, 8;
T_3.2 ; End of true expr.
    %load/vec4 v0x618e8591e320_0;
    %addi 1, 0, 2;
    %jmp/0 T_3.3, 8;
 ; End of false expr.
    %blend;
T_3.3;
    %assign/vec4 v0x618e8591e320_0, 0;
T_3.1 ;
    %jmp T_3;
    .thread T_3;
    .scope S_0x618e85907020;
T_4 ;
    %wait E_0x618e858f3740;
    %load/vec4 v0x618e8591e450_0;
    %flag_set/vec4 8;
    %jmp/0xz  T_4.0, 8;
    %pushi/vec4 0, 0, 1;
    %assign/vec4 v0x618e8591e100_0, 0;
    %jmp T_4.1;
T_4.0 ;
    %load/vec4 v0x618e8591e320_0;
    %cmpi/e 1, 0, 2;
    %flag_mov 8, 4;
    %load/vec4 v0x618e8591e320_0;
    %cmpi/e 2, 0, 2;
    %flag_or 4, 8;
    %jmp/0xz  T_4.2, 4;
    %load/vec4 v0x618e8591e100_0;
    %inv;
    %assign/vec4 v0x618e8591e100_0, 0;
T_4.2 ;
T_4.1 ;
    %jmp T_4;
    .thread T_4;
    .scope S_0x618e85907020;
T_5 ;
    %wait E_0x618e858ed9b0;
    %load/vec4 v0x618e8591e450_0;
    %flag_set/vec4 8;
    %jmp/0xz  T_5.0, 8;
    %pushi/vec4 0, 0, 1;
    %assign/vec4 v0x618e8591e1c0_0, 0;
    %jmp T_5.1;
T_5.0 ;
    %load/vec4 v0x618e8591e320_0;
    %cmpi/e 1, 0, 2;
    %flag_mov 8, 4;
    %load/vec4 v0x618e8591e320_0;
    %cmpi/e 2, 0, 2;
    %flag_or 4, 8;
    %jmp/0xz  T_5.2, 4;
    %load/vec4 v0x618e8591e1c0_0;
    %inv;
    %assign/vec4 v0x618e8591e1c0_0, 0;
T_5.2 ;
T_5.1 ;
    %jmp T_5;
    .thread T_5;
# The file index is used to find the file name in the following table.
:file_names 3;
    "N/A";
    "<interactive>";
    "even_div3.v";
