#! /usr/bin/vvp
:ivl_version "11.0 (stable)";
:ivl_delay_selection "TYPICAL";
:vpi_time_precision - 9;
:vpi_module "/usr/lib/x86_64-linux-gnu/ivl/system.vpi";
:vpi_module "/usr/lib/x86_64-linux-gnu/ivl/vhdl_sys.vpi";
:vpi_module "/usr/lib/x86_64-linux-gnu/ivl/vhdl_textio.vpi";
:vpi_module "/usr/lib/x86_64-linux-gnu/ivl/v2005_math.vpi";
:vpi_module "/usr/lib/x86_64-linux-gnu/ivl/va_math.vpi";
S_0x56f81ff5cd90 .scope module, "half_adder" "half_adder" 2 4;
 .timescale -9 -9;
    .port_info 0 /INPUT 1 "A";
    .port_info 1 /INPUT 1 "B";
    .port_info 2 /OUTPUT 1 "S";
    .port_info 3 /OUTPUT 1 "Co";
o0x7329b826d018 .functor BUFZ 1, C4<z>; HiZ drive
o0x7329b826d048 .functor BUFZ 1, C4<z>; HiZ drive
L_0x56f81ffa3be0 .functor XOR 1, o0x7329b826d018, o0x7329b826d048, C4<0>, C4<0>;
L_0x56f81ffa3cd0 .functor AND 1, o0x7329b826d018, o0x7329b826d048, C4<1>, C4<1>;
v0x56f81ff5cf90_0 .net "A", 0 0, o0x7329b826d018;  0 drivers
v0x56f81ffa38e0_0 .net "B", 0 0, o0x7329b826d048;  0 drivers
v0x56f81ffa39a0_0 .net "Co", 0 0, L_0x56f81ffa3cd0;  1 drivers
v0x56f81ffa3a70_0 .net "S", 0 0, L_0x56f81ffa3be0;  1 drivers
# The file index is used to find the file name in the following table.
:file_names 3;
    "N/A";
    "<interactive>";
    "half_adder.v";
